빌드 시작: 2016-04-22 오후 11:42:26
     1>2 노드의 "D:\조교\2016-1\심화프로그래밍\Minesweeper\Minesweeper.vcxproj" 프로젝트(Build 대상)입니다.
     1>ClCompile:
         C:\Program Files (x86)\Microsoft Visual Studio 11.0\VC\bin\CL.exe /c /ZI /nologo /W3 /WX- /Od /Oy- /D WIN32 /D _DEBUG /D _CONSOLE /D _UNICODE /D UNICODE /Gm /EHsc /RTC1 /MDd /GS /fp:precise /Zc:wchar_t /Zc:forScope /Fo"Debug\\" /Fd"Debug\vc110.pdb" /Gd /TP /analyze- /errorReport:prompt GameManager.cpp M2012345678.cpp Minesweeper.cpp
         Minesweeper.cpp
         코드를 생성하고 있습니다...
         건너뛰고 있습니다... (관련된 변경 내용 없음)
         M2012345678.cpp
         GameManager.cpp
       Link:
         C:\Program Files (x86)\Microsoft Visual Studio 11.0\VC\bin\link.exe /ERRORREPORT:PROMPT /OUT:"D:\조교\2016-1\심화프로그래밍\Minesweeper\Debug\Minesweeper.exe" /INCREMENTAL /NOLOGO kernel32.lib user32.lib gdi32.lib winspool.lib comdlg32.lib advapi32.lib shell32.lib ole32.lib oleaut32.lib uuid.lib odbc32.lib odbccp32.lib /MANIFEST /MANIFESTUAC:"level='asInvoker' uiAccess='false'" /manifest:embed /DEBUG /PDB:"D:\조교\2016-1\심화프로그래밍\Minesweeper\Debug\Minesweeper.pdb" /SUBSYSTEM:CONSOLE /TLBID:1 /DYNAMICBASE /NXCOMPAT /IMPLIB:"D:\조교\2016-1\심화프로그래밍\Minesweeper\Debug\Minesweeper.lib" /MACHINE:X86 Debug\Assistant.obj
         Debug\Game.obj
         Debug\GameManager.obj
         Debug\M2012345678.obj
         Debug\Minesweeper.obj
         Debug\Point.obj
         Minesweeper.vcxproj -> D:\조교\2016-1\심화프로그래밍\Minesweeper\Debug\Minesweeper.exe
     1>"D:\조교\2016-1\심화프로그래밍\Minesweeper\Minesweeper.vcxproj" 프로젝트를 빌드했습니다(Build 대상).

빌드했습니다.

경과 시간: 00:00:00.78
