d:\조교\2016-1\심화프로그래밍\과제2_card match\card match\release\vc140.pdb
d:\조교\2016-1\심화프로그래밍\과제2_card match\card match\release\point.obj
d:\조교\2016-1\심화프로그래밍\과제2_card match\card match\release\m2012345678.obj
d:\조교\2016-1\심화프로그래밍\과제2_card match\card match\release\gamemanager.obj
d:\조교\2016-1\심화프로그래밍\과제2_card match\card match\release\game.obj
d:\조교\2016-1\심화프로그래밍\과제2_card match\card match\release\cardmatch.obj
d:\조교\2016-1\심화프로그래밍\과제2_card match\card match\release\assistant.obj
d:\조교\2016-1\심화프로그래밍\과제2_card match\card match - 학생용\release\vc140.pdb
d:\조교\2016-1\심화프로그래밍\과제2_card match\card match - 학생용\release\point.obj
d:\조교\2016-1\심화프로그래밍\과제2_card match\card match - 학생용\release\gamemanager.obj
d:\조교\2016-1\심화프로그래밍\과제2_card match\card match - 학생용\release\game.obj
d:\조교\2016-1\심화프로그래밍\과제2_card match\card match - 학생용\release\cardmatch.obj
d:\조교\2016-1\심화프로그래밍\과제2_card match\card match - 학생용\release\assistant.obj
d:\조교\2016-1\심화프로그래밍\과제2_card match\card match - 학생용\release\m2012345678.obj
d:\조교\2016-1\심화프로그래밍\과제2_card match\card match\release\card match.exe
d:\조교\2016-1\심화프로그래밍\과제2_card match\card match\release\card match.pdb
d:\조교\2016-1\심화프로그래밍\과제2_card match\card match - 학생용\release\card match.exe
d:\조교\2016-1\심화프로그래밍\과제2_card match\card match - 학생용\release\card match.pdb
d:\조교\2016-1\심화프로그래밍\과제2_card match\card match - 학생용\release\card match.ipdb
d:\조교\2016-1\심화프로그래밍\과제2_card match\card match - 학생용\release\card match.iobj
d:\조교\2016-1\심화프로그래밍\과제2_card match\card match - 학생용\release\card match.tlog\cl.command.1.tlog
d:\조교\2016-1\심화프로그래밍\과제2_card match\card match - 학생용\release\card match.tlog\cl.read.1.tlog
d:\조교\2016-1\심화프로그래밍\과제2_card match\card match - 학생용\release\card match.tlog\cl.write.1.tlog
d:\조교\2016-1\심화프로그래밍\과제2_card match\card match - 학생용\release\card match.tlog\link.command.1.tlog
d:\조교\2016-1\심화프로그래밍\과제2_card match\card match - 학생용\release\card match.tlog\link.read.1.tlog
d:\조교\2016-1\심화프로그래밍\과제2_card match\card match - 학생용\release\card match.tlog\link.write.1.tlog
